# JRE version: Java(TM) SE Runtime Environment (7.0_75-b13) (build 1.7.0_75-b13)
# Java VM: Java HotSpot(TM) 64-Bit Server VM (24.75-b04 mixed mode windows-amd64 compressed oops)
Heap
 PSYoungGen      total 197120K, used 71042K [0x00000000eaa80000, 0x00000000f9a00000, 0x0000000100000000)
  eden space 172544K, 32% used [0x00000000eaa80000,0x00000000ee0a0cc0,0x00000000f5300000)
  from space 24576K, 63% used [0x00000000f6200000,0x00000000f713fbb0,0x00000000f7a00000)
  to   space 32768K, 0% used [0x00000000f7a00000,0x00000000f7a00000,0x00000000f9a00000)
 ParOldGen       total 153600K, used 84291K [0x00000000c0000000, 0x00000000c9600000, 0x00000000eaa80000)
  object space 153600K, 54% used [0x00000000c0000000,0x00000000c5250d20,0x00000000c9600000)
 PSPermGen       total 21504K, used 5808K [0x00000000bae00000, 0x00000000bc300000, 0x00000000c0000000)
  object space 21504K, 27% used [0x00000000bae00000,0x00000000bb3ac180,0x00000000bc300000)
GC Heap History (10 events):
Event: 11.897 GC heap before
{Heap before GC invocations=9 (full 0):
 PSYoungGen      total 139776K, used 139755K [0x00000000eaa80000, 0x00000000f4d80000, 0x0000000100000000)
  eden space 124928K, 100% used [0x00000000eaa80000,0x00000000f2480000,0x00000000f2480000)
  from space 14848K, 99% used [0x00000000f3700000,0x00000000f457af80,0x00000000f4580000)
  to   space 18944K, 0% used [0x00000000f2480000,0x00000000f2480000,0x00000000f3700000)
 ParOldGen       total 41984K, used 28098K [0x00000000c0000000, 0x00000000c2900000, 0x00000000eaa80000)
  object space 41984K, 66% used [0x00000000c0000000,0x00000000c1b70a08,0x00000000c2900000)
 PSPermGen       total 21504K, used 5768K [0x00000000bae00000, 0x00000000bc300000, 0x00000000c0000000)
  object space 21504K, 26% used [0x00000000bae00000,0x00000000bb3a2380,0x00000000bc300000)
Event: 12.088 GC heap after
Heap after GC invocations=9 (full 0):
 PSYoungGen      total 143872K, used 18940K [0x00000000eaa80000, 0x00000000fa500000, 0x0000000100000000)
  eden space 124928K, 0% used [0x00000000eaa80000,0x00000000eaa80000,0x00000000f2480000)
  from space 18944K, 99% used [0x00000000f2480000,0x00000000f36ff230,0x00000000f3700000)
  to   space 28160K, 0% used [0x00000000f8980000,0x00000000f8980000,0x00000000fa500000)
 ParOldGen       total 44544K, used 43662K [0x00000000c0000000, 0x00000000c2b80000, 0x00000000eaa80000)
  object space 44544K, 98% used [0x00000000c0000000,0x00000000c2aa3930,0x00000000c2b80000)
 PSPermGen       total 21504K, used 5768K [0x00000000bae00000, 0x00000000bc300000, 0x00000000c0000000)
  object space 21504K, 26% used [0x00000000bae00000,0x00000000bb3a2380,0x00000000bc300000)
}
Event: 12.088 GC heap before
{Heap before GC invocations=10 (full 1):
 PSYoungGen      total 143872K, used 18940K [0x00000000eaa80000, 0x00000000fa500000, 0x0000000100000000)
  eden space 124928K, 0% used [0x00000000eaa80000,0x00000000eaa80000,0x00000000f2480000)
  from space 18944K, 99% used [0x00000000f2480000,0x00000000f36ff230,0x00000000f3700000)
  to   space 28160K, 0% used [0x00000000f8980000,0x00000000f8980000,0x00000000fa500000)
 ParOldGen       total 44544K, used 43662K [0x00000000c0000000, 0x00000000c2b80000, 0x00000000eaa80000)
  object space 44544K, 98% used [0x00000000c0000000,0x00000000c2aa3930,0x00000000c2b80000)
 PSPermGen       total 21504K, used 5768K [0x00000000bae00000, 0x00000000bc300000, 0x00000000c0000000)
  object space 21504K, 26% used [0x00000000bae00000,0x00000000bb3a2380,0x00000000bc300000)
Event: 14.070 GC heap after
Heap after GC invocations=10 (full 1):
 PSYoungGen      total 143872K, used 14771K [0x00000000eaa80000, 0x00000000fa500000, 0x0000000100000000)
  eden space 124928K, 0% used [0x00000000eaa80000,0x00000000eaa80000,0x00000000f2480000)
  from space 18944K, 77% used [0x00000000f2480000,0x00000000f32ecc40,0x00000000f3700000)
  to   space 28160K, 0% used [0x00000000f8980000,0x00000000f8980000,0x00000000fa500000)
 ParOldGen       total 84480K, used 44065K [0x00000000c0000000, 0x00000000c5280000, 0x00000000eaa80000)
  object space 84480K, 52% used [0x00000000c0000000,0x00000000c2b086e0,0x00000000c5280000)
 PSPermGen       total 21504K, used 5764K [0x00000000bae00000, 0x00000000bc300000, 0x00000000c0000000)
  object space 21504K, 26% used [0x00000000bae00000,0x00000000bb3a1048,0x00000000bc300000)
}
Event: 16.154 GC heap before
{Heap before GC invocations=11 (full 1):
 PSYoungGen      total 143872K, used 139699K [0x00000000eaa80000, 0x00000000fa500000, 0x0000000100000000)
  eden space 124928K, 100% used [0x00000000eaa80000,0x00000000f2480000,0x00000000f2480000)
  from space 18944K, 77% used [0x00000000f2480000,0x00000000f32ecc40,0x00000000f3700000)
  to   space 28160K, 0% used [0x00000000f8980000,0x00000000f8980000,0x00000000fa500000)
 ParOldGen       total 84480K, used 44065K [0x00000000c0000000, 0x00000000c5280000, 0x00000000eaa80000)
  object space 84480K, 52% used [0x00000000c0000000,0x00000000c2b086e0,0x00000000c5280000)
 PSPermGen       total 21504K, used 5785K [0x00000000bae00000, 0x00000000bc300000, 0x00000000c0000000)
  object space 21504K, 26% used [0x00000000bae00000,0x00000000bb3a6570,0x00000000bc300000)
Event: 16.287 GC heap after
Heap after GC invocations=11 (full 1):
 PSYoungGen      total 174080K, used 28128K [0x00000000eaa80000, 0x00000000fa500000, 0x0000000100000000)
  eden space 145920K, 0% used [0x00000000eaa80000,0x00000000eaa80000,0x00000000f3900000)
  from space 28160K, 99% used [0x00000000f8980000,0x00000000fa4f8020,0x00000000fa500000)
  to   space 34304K, 0% used [0x00000000f6200000,0x00000000f6200000,0x00000000f8380000)
 ParOldGen       total 84480K, used 49566K [0x00000000c0000000, 0x00000000c5280000, 0x00000000eaa80000)
  object space 84480K, 58% used [0x00000000c0000000,0x00000000c3067b38,0x00000000c5280000)
 PSPermGen       total 21504K, used 5785K [0x00000000bae00000, 0x00000000bc300000, 0x00000000c0000000)
  object space 21504K, 26% used [0x00000000bae00000,0x00000000bb3a6570,0x00000000bc300000)
}
Event: 17.531 GC heap before
{Heap before GC invocations=12 (full 1):
 PSYoungGen      total 174080K, used 174048K [0x00000000eaa80000, 0x00000000fa500000, 0x0000000100000000)
  eden space 145920K, 100% used [0x00000000eaa80000,0x00000000f3900000,0x00000000f3900000)
  from space 28160K, 99% used [0x00000000f8980000,0x00000000fa4f8020,0x00000000fa500000)
  to   space 34304K, 0% used [0x00000000f6200000,0x00000000f6200000,0x00000000f8380000)
 ParOldGen       total 84480K, used 49566K [0x00000000c0000000, 0x00000000c5280000, 0x00000000eaa80000)
  object space 84480K, 58% used [0x00000000c0000000,0x00000000c3067b38,0x00000000c5280000)
 PSPermGen       total 21504K, used 5802K [0x00000000bae00000, 0x00000000bc300000, 0x00000000c0000000)
  object space 21504K, 26% used [0x00000000bae00000,0x00000000bb3aa8c8,0x00000000bc300000)
Event: 17.646 GC heap after
Heap after GC invocations=12 (full 1):
 PSYoungGen      total 197120K, used 24496K [0x00000000eaa80000, 0x00000000f9a00000, 0x0000000100000000)
  eden space 172544K, 0% used [0x00000000eaa80000,0x00000000eaa80000,0x00000000f5300000)
  from space 24576K, 99% used [0x00000000f6200000,0x00000000f79ec2e0,0x00000000f7a00000)
  to   space 32768K, 0% used [0x00000000f7a00000,0x00000000f7a00000,0x00000000f9a00000)
 ParOldGen       total 84480K, used 77599K [0x00000000c0000000, 0x00000000c5280000, 0x00000000eaa80000)
  object space 84480K, 91% used [0x00000000c0000000,0x00000000c4bc7e40,0x00000000c5280000)
 PSPermGen       total 21504K, used 5802K [0x00000000bae00000, 0x00000000bc300000, 0x00000000c0000000)
  object space 21504K, 26% used [0x00000000bae00000,0x00000000bb3aa8c8,0x00000000bc300000)
}
Event: 17.646 GC heap before
{Heap before GC invocations=13 (full 2):
 PSYoungGen      total 197120K, used 24496K [0x00000000eaa80000, 0x00000000f9a00000, 0x0000000100000000)
  eden space 172544K, 0% used [0x00000000eaa80000,0x00000000eaa80000,0x00000000f5300000)
  from space 24576K, 99% used [0x00000000f6200000,0x00000000f79ec2e0,0x00000000f7a00000)
  to   space 32768K, 0% used [0x00000000f7a00000,0x00000000f7a00000,0x00000000f9a00000)
 ParOldGen       total 84480K, used 77599K [0x00000000c0000000, 0x00000000c5280000, 0x00000000eaa80000)
  object space 84480K, 91% used [0x00000000c0000000,0x00000000c4bc7e40,0x00000000c5280000)
 PSPermGen       total 21504K, used 5802K [0x00000000bae00000, 0x00000000bc300000, 0x00000000c0000000)
  object space 21504K, 26% used [0x00000000bae00000,0x00000000bb3aa8c8,0x00000000bc300000)
Event: 18.708 GC heap after
Heap after GC invocations=13 (full 2):
 PSYoungGen      total 197120K, used 15614K [0x00000000eaa80000, 0x00000000f9a00000, 0x0000000100000000)
  eden space 172544K, 0% used [0x00000000eaa80000,0x00000000eaa80000,0x00000000f5300000)
  from space 24576K, 63% used [0x00000000f6200000,0x00000000f713fbb0,0x00000000f7a00000)
  to   space 32768K, 0% used [0x00000000f7a00000,0x00000000f7a00000,0x00000000f9a00000)
 ParOldGen       total 153600K, used 84291K [0x00000000c0000000, 0x00000000c9600000, 0x00000000eaa80000)
  object space 153600K, 54% used [0x00000000c0000000,0x00000000c5250d20,0x00000000c9600000)
 PSPermGen       total 21504K, used 5801K [0x00000000bae00000, 0x00000000bc300000, 0x00000000c0000000)
  object space 21504K, 26% used [0x00000000bae00000,0x00000000bb3aa708,0x00000000bc300000)
}

